0    [main] INFO  be.kdg.Simulator.DomainLoader.SectionLoader  - SectionInfo set: Section: { sectionId: 408, speed: 25, numberOfBlocks:18, blockLength: 154, crossings: 18-9-15, singleDirection: false, highBlocknumberSectionId: 7-536}
1    [main] INFO  be.kdg.Simulator.DomainLoader.RideRouter  - loadSection with info: Section: { sectionId: 408, speed: 25, numberOfBlocks:18, blockLength: 154, crossings: 18-9-15, singleDirection: false, highBlocknumberSectionId: 7-536}
102  [main] INFO  be.kdg.Simulator.DomainLoader.SectionLoader  - SectionInfo set: Section: { sectionId: 226, speed: 7, numberOfBlocks:9, blockLength: 166, crossings: 5, singleDirection: false, highBlocknumberSectionId: 101-571}
102  [main] INFO  be.kdg.Simulator.DomainLoader.RideRouter  - loadSection with info: Section: { sectionId: 226, speed: 7, numberOfBlocks:9, blockLength: 166, crossings: 5, singleDirection: false, highBlocknumberSectionId: 101-571}
203  [main] INFO  be.kdg.Simulator.DomainLoader.SectionLoader  - SectionInfo set: Section: { sectionId: 410, speed: 11, numberOfBlocks:17, blockLength: 181, crossings: , singleDirection: false, highBlocknumberSectionId: 27-833}
203  [main] INFO  be.kdg.Simulator.DomainLoader.RideRouter  - loadSection with info: Section: { sectionId: 410, speed: 11, numberOfBlocks:17, blockLength: 181, crossings: , singleDirection: false, highBlocknumberSectionId: 27-833}
304  [main] INFO  be.kdg.Simulator.DomainLoader.SectionLoader  - SectionInfo set: Section: { sectionId: 159, speed: 38, numberOfBlocks:15, blockLength: 188, crossings: 14-13-13, singleDirection: true, highBlocknumberSectionId: }
304  [main] INFO  be.kdg.Simulator.DomainLoader.RideRouter  - loadSection with info: Section: { sectionId: 159, speed: 38, numberOfBlocks:15, blockLength: 188, crossings: 14-13-13, singleDirection: true, highBlocknumberSectionId: }
405  [main] INFO  be.kdg.Simulator.DomainLoader.SectionLoader  - SectionInfo set: Section: { sectionId: 127, speed: 49, numberOfBlocks:16, blockLength: 158, crossings: 5-4, singleDirection: false, highBlocknumberSectionId: 130-772}
405  [main] INFO  be.kdg.Simulator.DomainLoader.RideRouter  - loadSection with info: Section: { sectionId: 127, speed: 49, numberOfBlocks:16, blockLength: 158, crossings: 5-4, singleDirection: false, highBlocknumberSectionId: 130-772}
505  [main] INFO  be.kdg.Simulator.DomainLoader.SectionLoader  - SectionInfo set: Section: { sectionId: 90, speed: 27, numberOfBlocks:2, blockLength: 163, crossings: 1, singleDirection: true, highBlocknumberSectionId: }
505  [main] INFO  be.kdg.Simulator.DomainLoader.RideRouter  - loadSection with info: Section: { sectionId: 90, speed: 27, numberOfBlocks:2, blockLength: 163, crossings: 1, singleDirection: true, highBlocknumberSectionId: }
606  [main] INFO  be.kdg.Simulator.DomainLoader.SectionLoader  - SectionInfo set: Section: { sectionId: 174, speed: 12, numberOfBlocks:47, blockLength: 128, crossings: 7-40-32-36, singleDirection: true, highBlocknumberSectionId: }
606  [main] INFO  be.kdg.Simulator.DomainLoader.RideRouter  - loadSection with info: Section: { sectionId: 174, speed: 12, numberOfBlocks:47, blockLength: 128, crossings: 7-40-32-36, singleDirection: true, highBlocknumberSectionId: }
707  [main] INFO  be.kdg.Simulator.DomainLoader.SectionLoader  - SectionInfo set: Section: { sectionId: 392, speed: 48, numberOfBlocks:18, blockLength: 149, crossings: 14-12-9, singleDirection: true, highBlocknumberSectionId: }
707  [main] INFO  be.kdg.Simulator.DomainLoader.RideRouter  - loadSection with info: Section: { sectionId: 392, speed: 48, numberOfBlocks:18, blockLength: 149, crossings: 14-12-9, singleDirection: true, highBlocknumberSectionId: }
810  [main] INFO  be.kdg.Simulator.DomainLoader.SectionLoader  - SectionInfo set: Section: { sectionId: 319, speed: 19, numberOfBlocks:32, blockLength: 65, crossings: 14, singleDirection: true, highBlocknumberSectionId: }
810  [main] INFO  be.kdg.Simulator.DomainLoader.RideRouter  - loadSection with info: Section: { sectionId: 319, speed: 19, numberOfBlocks:32, blockLength: 65, crossings: 14, singleDirection: true, highBlocknumberSectionId: }
911  [main] INFO  be.kdg.Simulator.DomainLoader.SectionLoader  - SectionInfo set: Section: { sectionId: 6, speed: 12, numberOfBlocks:3, blockLength: 40, crossings: , singleDirection: true, highBlocknumberSectionId: }
911  [main] INFO  be.kdg.Simulator.DomainLoader.RideRouter  - loadSection with info: Section: { sectionId: 6, speed: 12, numberOfBlocks:3, blockLength: 40, crossings: , singleDirection: true, highBlocknumberSectionId: }
1012 [main] INFO  be.kdg.Simulator.DomainLoader.SectionLoader  - SectionInfo set: Section: { sectionId: 250, speed: 38, numberOfBlocks:22, blockLength: 61, crossings: 11, singleDirection: true, highBlocknumberSectionId: }
1012 [main] INFO  be.kdg.Simulator.DomainLoader.RideRouter  - loadSection with info: Section: { sectionId: 250, speed: 38, numberOfBlocks:22, blockLength: 61, crossings: 11, singleDirection: true, highBlocknumberSectionId: }
1113 [main] INFO  be.kdg.Simulator.DomainLoader.SectionLoader  - SectionInfo set: Section: { sectionId: 26, speed: 41, numberOfBlocks:9, blockLength: 140, crossings: 1, singleDirection: false, highBlocknumberSectionId: 25-697}
1113 [main] INFO  be.kdg.Simulator.DomainLoader.RideRouter  - loadSection with info: Section: { sectionId: 26, speed: 41, numberOfBlocks:9, blockLength: 140, crossings: 1, singleDirection: false, highBlocknumberSectionId: 25-697}
1214 [main] INFO  be.kdg.Simulator.DomainLoader.SectionLoader  - SectionInfo set: Section: { sectionId: 224, speed: 46, numberOfBlocks:19, blockLength: 124, crossings: 7-4-15, singleDirection: false, highBlocknumberSectionId: 482-792}
1214 [main] INFO  be.kdg.Simulator.DomainLoader.RideRouter  - loadSection with info: Section: { sectionId: 224, speed: 46, numberOfBlocks:19, blockLength: 124, crossings: 7-4-15, singleDirection: false, highBlocknumberSectionId: 482-792}
1317 [main] INFO  be.kdg.Simulator.DomainLoader.SectionLoader  - SectionInfo set: Section: { sectionId: 370, speed: 31, numberOfBlocks:40, blockLength: 89, crossings: 32-24-30-18, singleDirection: false, highBlocknumberSectionId: 256-920}
1318 [main] INFO  be.kdg.Simulator.DomainLoader.RideRouter  - loadSection with info: Section: { sectionId: 370, speed: 31, numberOfBlocks:40, blockLength: 89, crossings: 32-24-30-18, singleDirection: false, highBlocknumberSectionId: 256-920}
1419 [main] INFO  be.kdg.Simulator.DomainLoader.SectionLoader  - SectionInfo set: Section: { sectionId: 325, speed: 2, numberOfBlocks:41, blockLength: 199, crossings: 34-9-2-31, singleDirection: true, highBlocknumberSectionId: }
1419 [main] INFO  be.kdg.Simulator.DomainLoader.RideRouter  - loadSection with info: Section: { sectionId: 325, speed: 2, numberOfBlocks:41, blockLength: 199, crossings: 34-9-2-31, singleDirection: true, highBlocknumberSectionId: }
1519 [main] INFO  be.kdg.Simulator.DomainLoader.SectionLoader  - SectionInfo set: Section: { sectionId: 295, speed: 8, numberOfBlocks:29, blockLength: 65, crossings: , singleDirection: true, highBlocknumberSectionId: }
1520 [main] INFO  be.kdg.Simulator.DomainLoader.RideRouter  - loadSection with info: Section: { sectionId: 295, speed: 8, numberOfBlocks:29, blockLength: 65, crossings: , singleDirection: true, highBlocknumberSectionId: }
1623 [main] INFO  be.kdg.Simulator.DomainLoader.SectionLoader  - SectionInfo set: Section: { sectionId: 131, speed: 40, numberOfBlocks:22, blockLength: 136, crossings: 13-14-20, singleDirection: false, highBlocknumberSectionId: 232-911}
1623 [main] INFO  be.kdg.Simulator.DomainLoader.RideRouter  - loadSection with info: Section: { sectionId: 131, speed: 40, numberOfBlocks:22, blockLength: 136, crossings: 13-14-20, singleDirection: false, highBlocknumberSectionId: 232-911}
1725 [main] INFO  be.kdg.Simulator.DomainLoader.SectionLoader  - SectionInfo set: Section: { sectionId: 394, speed: 50, numberOfBlocks:12, blockLength: 154, crossings: , singleDirection: false, highBlocknumberSectionId: 368-961}
1725 [main] INFO  be.kdg.Simulator.DomainLoader.RideRouter  - loadSection with info: Section: { sectionId: 394, speed: 50, numberOfBlocks:12, blockLength: 154, crossings: , singleDirection: false, highBlocknumberSectionId: 368-961}
1830 [main] INFO  be.kdg.Simulator.DomainLoader.SectionLoader  - SectionInfo set: Section: { sectionId: 330, speed: 48, numberOfBlocks:50, blockLength: 69, crossings: 42-33, singleDirection: false, highBlocknumberSectionId: 443-694}
1830 [main] INFO  be.kdg.Simulator.DomainLoader.RideRouter  - loadSection with info: Section: { sectionId: 330, speed: 48, numberOfBlocks:50, blockLength: 69, crossings: 42-33, singleDirection: false, highBlocknumberSectionId: 443-694}
1932 [main] INFO  be.kdg.Simulator.DomainLoader.SectionLoader  - SectionInfo set: Section: { sectionId: 78, speed: 9, numberOfBlocks:28, blockLength: 193, crossings: 8-13-9-13, singleDirection: true, highBlocknumberSectionId: }
1932 [main] INFO  be.kdg.Simulator.DomainLoader.RideRouter  - loadSection with info: Section: { sectionId: 78, speed: 9, numberOfBlocks:28, blockLength: 193, crossings: 8-13-9-13, singleDirection: true, highBlocknumberSectionId: }
2033 [main] INFO  be.kdg.Simulator.DomainLoader.SectionLoader  - SectionInfo set: Section: { sectionId: 225, speed: 9, numberOfBlocks:22, blockLength: 62, crossings: , singleDirection: true, highBlocknumberSectionId: }
2033 [main] INFO  be.kdg.Simulator.DomainLoader.RideRouter  - loadSection with info: Section: { sectionId: 225, speed: 9, numberOfBlocks:22, blockLength: 62, crossings: , singleDirection: true, highBlocknumberSectionId: }
2134 [main] INFO  be.kdg.Simulator.DomainLoader.SectionLoader  - SectionInfo set: Section: { sectionId: 203, speed: 47, numberOfBlocks:26, blockLength: 180, crossings: 3-15-16-17, singleDirection: true, highBlocknumberSectionId: }
2134 [main] INFO  be.kdg.Simulator.DomainLoader.RideRouter  - loadSection with info: Section: { sectionId: 203, speed: 47, numberOfBlocks:26, blockLength: 180, crossings: 3-15-16-17, singleDirection: true, highBlocknumberSectionId: }
2235 [main] INFO  be.kdg.Simulator.DomainLoader.SectionLoader  - SectionInfo set: Section: { sectionId: 22, speed: 14, numberOfBlocks:43, blockLength: 50, crossings: , singleDirection: false, highBlocknumberSectionId: 490-702}
2236 [main] INFO  be.kdg.Simulator.DomainLoader.RideRouter  - loadSection with info: Section: { sectionId: 22, speed: 14, numberOfBlocks:43, blockLength: 50, crossings: , singleDirection: false, highBlocknumberSectionId: 490-702}
2338 [main] INFO  be.kdg.Simulator.DomainLoader.SectionLoader  - SectionInfo set: Section: { sectionId: 202, speed: 4, numberOfBlocks:27, blockLength: 66, crossings: 11-9, singleDirection: false, highBlocknumberSectionId: 66-680}
2338 [main] INFO  be.kdg.Simulator.DomainLoader.RideRouter  - loadSection with info: Section: { sectionId: 202, speed: 4, numberOfBlocks:27, blockLength: 66, crossings: 11-9, singleDirection: false, highBlocknumberSectionId: 66-680}
2438 [main] INFO  be.kdg.Simulator.DomainLoader.SectionLoader  - SectionInfo set: Section: { sectionId: 150, speed: 19, numberOfBlocks:8, blockLength: 68, crossings: 2-3-1, singleDirection: true, highBlocknumberSectionId: }
2438 [main] INFO  be.kdg.Simulator.DomainLoader.RideRouter  - loadSection with info: Section: { sectionId: 150, speed: 19, numberOfBlocks:8, blockLength: 68, crossings: 2-3-1, singleDirection: true, highBlocknumberSectionId: }
2540 [main] INFO  be.kdg.Simulator.DomainLoader.SectionLoader  - SectionInfo set: Section: { sectionId: 447, speed: 34, numberOfBlocks:16, blockLength: 86, crossings: , singleDirection: false, highBlocknumberSectionId: 327-539}
2540 [main] INFO  be.kdg.Simulator.DomainLoader.RideRouter  - loadSection with info: Section: { sectionId: 447, speed: 34, numberOfBlocks:16, blockLength: 86, crossings: , singleDirection: false, highBlocknumberSectionId: 327-539}
2642 [main] INFO  be.kdg.Simulator.DomainLoader.SectionLoader  - SectionInfo set: Section: { sectionId: 372, speed: 50, numberOfBlocks:26, blockLength: 82, crossings: 7-11-15, singleDirection: false, highBlocknumberSectionId: 83-857}
2642 [main] INFO  be.kdg.Simulator.DomainLoader.RideRouter  - loadSection with info: Section: { sectionId: 372, speed: 50, numberOfBlocks:26, blockLength: 82, crossings: 7-11-15, singleDirection: false, highBlocknumberSectionId: 83-857}
2743 [main] INFO  be.kdg.Simulator.DomainLoader.SectionLoader  - SectionInfo set: Section: { sectionId: 296, speed: 21, numberOfBlocks:41, blockLength: 145, crossings: 3, singleDirection: false, highBlocknumberSectionId: 111-733}
2743 [main] INFO  be.kdg.Simulator.DomainLoader.RideRouter  - loadSection with info: Section: { sectionId: 296, speed: 21, numberOfBlocks:41, blockLength: 145, crossings: 3, singleDirection: false, highBlocknumberSectionId: 111-733}
2844 [main] INFO  be.kdg.Simulator.DomainLoader.SectionLoader  - SectionInfo set: Section: { sectionId: 344, speed: 24, numberOfBlocks:6, blockLength: 57, crossings: 6-4-4-6, singleDirection: true, highBlocknumberSectionId: }
2844 [main] INFO  be.kdg.Simulator.DomainLoader.RideRouter  - loadSection with info: Section: { sectionId: 344, speed: 24, numberOfBlocks:6, blockLength: 57, crossings: 6-4-4-6, singleDirection: true, highBlocknumberSectionId: }
2945 [main] INFO  be.kdg.Simulator.DomainLoader.SectionLoader  - SectionInfo set: Section: { sectionId: 147, speed: 20, numberOfBlocks:11, blockLength: 76, crossings: 11, singleDirection: false, highBlocknumberSectionId: 277-579}
2945 [main] INFO  be.kdg.Simulator.DomainLoader.RideRouter  - loadSection with info: Section: { sectionId: 147, speed: 20, numberOfBlocks:11, blockLength: 76, crossings: 11, singleDirection: false, highBlocknumberSectionId: 277-579}
3046 [main] INFO  be.kdg.Simulator.DomainLoader.SectionLoader  - SectionInfo set: Section: { sectionId: 68, speed: 3, numberOfBlocks:38, blockLength: 81, crossings: 14-8, singleDirection: false, highBlocknumberSectionId: 172-670}
3046 [main] INFO  be.kdg.Simulator.DomainLoader.RideRouter  - loadSection with info: Section: { sectionId: 68, speed: 3, numberOfBlocks:38, blockLength: 81, crossings: 14-8, singleDirection: false, highBlocknumberSectionId: 172-670}
3147 [main] INFO  be.kdg.Simulator.DomainLoader.SectionLoader  - SectionInfo set: Section: { sectionId: 471, speed: 39, numberOfBlocks:12, blockLength: 185, crossings: 8, singleDirection: false, highBlocknumberSectionId: 89-784}
3147 [main] INFO  be.kdg.Simulator.DomainLoader.RideRouter  - loadSection with info: Section: { sectionId: 471, speed: 39, numberOfBlocks:12, blockLength: 185, crossings: 8, singleDirection: false, highBlocknumberSectionId: 89-784}
3248 [main] INFO  be.kdg.Simulator.DomainLoader.SectionLoader  - SectionInfo set: Section: { sectionId: 259, speed: 16, numberOfBlocks:34, blockLength: 190, crossings: 29-28, singleDirection: false, highBlocknumberSectionId: 407-614}
3248 [main] INFO  be.kdg.Simulator.DomainLoader.RideRouter  - loadSection with info: Section: { sectionId: 259, speed: 16, numberOfBlocks:34, blockLength: 190, crossings: 29-28, singleDirection: false, highBlocknumberSectionId: 407-614}
3349 [main] INFO  be.kdg.Simulator.DomainLoader.SectionLoader  - SectionInfo set: Section: { sectionId: 476, speed: 9, numberOfBlocks:48, blockLength: 88, crossings: 41-4-8, singleDirection: true, highBlocknumberSectionId: }
3349 [main] INFO  be.kdg.Simulator.DomainLoader.RideRouter  - loadSection with info: Section: { sectionId: 476, speed: 9, numberOfBlocks:48, blockLength: 88, crossings: 41-4-8, singleDirection: true, highBlocknumberSectionId: }
3349 [main] INFO  be.kdg.Simulator.RideSimulator  - Ride after getRoute: Ride: { rideId: 33, Delay: 10000, rideSections: [Section: { sectionId: 408, speed: 25, numberOfBlocks:18, blockLength: 154, crossings: 18-9-15, singleDirection: false, highBlocknumberSectionId: 7-536}, Section: { sectionId: 226, speed: 7, numberOfBlocks:9, blockLength: 166, crossings: 5, singleDirection: false, highBlocknumberSectionId: 101-571}, Section: { sectionId: 410, speed: 11, numberOfBlocks:17, blockLength: 181, crossings: , singleDirection: false, highBlocknumberSectionId: 27-833}, Section: { sectionId: 159, speed: 38, numberOfBlocks:15, blockLength: 188, crossings: 14-13-13, singleDirection: true, highBlocknumberSectionId: }, Section: { sectionId: 127, speed: 49, numberOfBlocks:16, blockLength: 158, crossings: 5-4, singleDirection: false, highBlocknumberSectionId: 130-772}, Section: { sectionId: 90, speed: 27, numberOfBlocks:2, blockLength: 163, crossings: 1, singleDirection: true, highBlocknumberSectionId: }, Section: { sectionId: 174, speed: 12, numberOfBlocks:47, blockLength: 128, crossings: 7-40-32-36, singleDirection: true, highBlocknumberSectionId: }, Section: { sectionId: 392, speed: 48, numberOfBlocks:18, blockLength: 149, crossings: 14-12-9, singleDirection: true, highBlocknumberSectionId: }, Section: { sectionId: 319, speed: 19, numberOfBlocks:32, blockLength: 65, crossings: 14, singleDirection: true, highBlocknumberSectionId: }, Section: { sectionId: 6, speed: 12, numberOfBlocks:3, blockLength: 40, crossings: , singleDirection: true, highBlocknumberSectionId: }, Section: { sectionId: 250, speed: 38, numberOfBlocks:22, blockLength: 61, crossings: 11, singleDirection: true, highBlocknumberSectionId: }, Section: { sectionId: 26, speed: 41, numberOfBlocks:9, blockLength: 140, crossings: 1, singleDirection: false, highBlocknumberSectionId: 25-697}, Section: { sectionId: 224, speed: 46, numberOfBlocks:19, blockLength: 124, crossings: 7-4-15, singleDirection: false, highBlocknumberSectionId: 482-792}, Section: { sectionId: 370, speed: 31, numberOfBlocks:40, blockLength: 89, crossings: 32-24-30-18, singleDirection: false, highBlocknumberSectionId: 256-920}, Section: { sectionId: 325, speed: 2, numberOfBlocks:41, blockLength: 199, crossings: 34-9-2-31, singleDirection: true, highBlocknumberSectionId: }, Section: { sectionId: 295, speed: 8, numberOfBlocks:29, blockLength: 65, crossings: , singleDirection: true, highBlocknumberSectionId: }, Section: { sectionId: 131, speed: 40, numberOfBlocks:22, blockLength: 136, crossings: 13-14-20, singleDirection: false, highBlocknumberSectionId: 232-911}, Section: { sectionId: 394, speed: 50, numberOfBlocks:12, blockLength: 154, crossings: , singleDirection: false, highBlocknumberSectionId: 368-961}, Section: { sectionId: 330, speed: 48, numberOfBlocks:50, blockLength: 69, crossings: 42-33, singleDirection: false, highBlocknumberSectionId: 443-694}, Section: { sectionId: 78, speed: 9, numberOfBlocks:28, blockLength: 193, crossings: 8-13-9-13, singleDirection: true, highBlocknumberSectionId: }, Section: { sectionId: 225, speed: 9, numberOfBlocks:22, blockLength: 62, crossings: , singleDirection: true, highBlocknumberSectionId: }, Section: { sectionId: 203, speed: 47, numberOfBlocks:26, blockLength: 180, crossings: 3-15-16-17, singleDirection: true, highBlocknumberSectionId: }, Section: { sectionId: 22, speed: 14, numberOfBlocks:43, blockLength: 50, crossings: , singleDirection: false, highBlocknumberSectionId: 490-702}, Section: { sectionId: 202, speed: 4, numberOfBlocks:27, blockLength: 66, crossings: 11-9, singleDirection: false, highBlocknumberSectionId: 66-680}, Section: { sectionId: 150, speed: 19, numberOfBlocks:8, blockLength: 68, crossings: 2-3-1, singleDirection: true, highBlocknumberSectionId: }, Section: { sectionId: 447, speed: 34, numberOfBlocks:16, blockLength: 86, crossings: , singleDirection: false, highBlocknumberSectionId: 327-539}, Section: { sectionId: 372, speed: 50, numberOfBlocks:26, blockLength: 82, crossings: 7-11-15, singleDirection: false, highBlocknumberSectionId: 83-857}, Section: { sectionId: 296, speed: 21, numberOfBlocks:41, blockLength: 145, crossings: 3, singleDirection: false, highBlocknumberSectionId: 111-733}, Section: { sectionId: 344, speed: 24, numberOfBlocks:6, blockLength: 57, crossings: 6-4-4-6, singleDirection: true, highBlocknumberSectionId: }, Section: { sectionId: 147, speed: 20, numberOfBlocks:11, blockLength: 76, crossings: 11, singleDirection: false, highBlocknumberSectionId: 277-579}, Section: { sectionId: 68, speed: 3, numberOfBlocks:38, blockLength: 81, crossings: 14-8, singleDirection: false, highBlocknumberSectionId: 172-670}, Section: { sectionId: 471, speed: 39, numberOfBlocks:12, blockLength: 185, crossings: 8, singleDirection: false, highBlocknumberSectionId: 89-784}, Section: { sectionId: 259, speed: 16, numberOfBlocks:34, blockLength: 190, crossings: 29-28, singleDirection: false, highBlocknumberSectionId: 407-614}, Section: { sectionId: 476, speed: 9, numberOfBlocks:48, blockLength: 88, crossings: 41-4-8, singleDirection: true, highBlocknumberSectionId: }]}
3557 [main] INFO  be.kdg.Simulator.DomainLoader.SectionLoader  - SectionInfo set: Section: { sectionId: 131, speed: 48, numberOfBlocks:44, blockLength: 190, crossings: 13-13-15, singleDirection: false, highBlocknumberSectionId: 282-897}
3557 [main] INFO  be.kdg.Simulator.DomainLoader.RideRouter  - loadSection with info: Section: { sectionId: 131, speed: 48, numberOfBlocks:44, blockLength: 190, crossings: 13-13-15, singleDirection: false, highBlocknumberSectionId: 282-897}
3659 [main] INFO  be.kdg.Simulator.DomainLoader.SectionLoader  - SectionInfo set: Section: { sectionId: 63, speed: 21, numberOfBlocks:18, blockLength: 176, crossings: 3-3-9-6, singleDirection: false, highBlocknumberSectionId: 64-680}
3659 [main] INFO  be.kdg.Simulator.DomainLoader.RideRouter  - loadSection with info: Section: { sectionId: 63, speed: 21, numberOfBlocks:18, blockLength: 176, crossings: 3-3-9-6, singleDirection: false, highBlocknumberSectionId: 64-680}
3761 [main] INFO  be.kdg.Simulator.DomainLoader.SectionLoader  - SectionInfo set: Section: { sectionId: 428, speed: 20, numberOfBlocks:7, blockLength: 130, crossings: 6-6-6-7, singleDirection: true, highBlocknumberSectionId: }
3761 [main] INFO  be.kdg.Simulator.DomainLoader.RideRouter  - loadSection with info: Section: { sectionId: 428, speed: 20, numberOfBlocks:7, blockLength: 130, crossings: 6-6-6-7, singleDirection: true, highBlocknumberSectionId: }
3862 [main] INFO  be.kdg.Simulator.DomainLoader.SectionLoader  - SectionInfo set: Section: { sectionId: 21, speed: 32, numberOfBlocks:18, blockLength: 166, crossings: 17, singleDirection: true, highBlocknumberSectionId: }
3862 [main] INFO  be.kdg.Simulator.DomainLoader.RideRouter  - loadSection with info: Section: { sectionId: 21, speed: 32, numberOfBlocks:18, blockLength: 166, crossings: 17, singleDirection: true, highBlocknumberSectionId: }
3963 [main] INFO  be.kdg.Simulator.DomainLoader.SectionLoader  - SectionInfo set: Section: { sectionId: 321, speed: 22, numberOfBlocks:49, blockLength: 123, crossings: 40-19, singleDirection: true, highBlocknumberSectionId: }
3963 [main] INFO  be.kdg.Simulator.DomainLoader.RideRouter  - loadSection with info: Section: { sectionId: 321, speed: 22, numberOfBlocks:49, blockLength: 123, crossings: 40-19, singleDirection: true, highBlocknumberSectionId: }
4064 [main] INFO  be.kdg.Simulator.DomainLoader.SectionLoader  - SectionInfo set: Section: { sectionId: 466, speed: 19, numberOfBlocks:24, blockLength: 156, crossings: 23-5, singleDirection: false, highBlocknumberSectionId: 324-980}
4064 [main] INFO  be.kdg.Simulator.DomainLoader.RideRouter  - loadSection with info: Section: { sectionId: 466, speed: 19, numberOfBlocks:24, blockLength: 156, crossings: 23-5, singleDirection: false, highBlocknumberSectionId: 324-980}
4165 [main] INFO  be.kdg.Simulator.DomainLoader.SectionLoader  - SectionInfo set: Section: { sectionId: 178, speed: 7, numberOfBlocks:1, blockLength: 121, crossings: 1-1-1, singleDirection: true, highBlocknumberSectionId: }
4165 [main] INFO  be.kdg.Simulator.DomainLoader.RideRouter  - loadSection with info: Section: { sectionId: 178, speed: 7, numberOfBlocks:1, blockLength: 121, crossings: 1-1-1, singleDirection: true, highBlocknumberSectionId: }
4268 [main] INFO  be.kdg.Simulator.DomainLoader.SectionLoader  - SectionInfo set: Section: { sectionId: 138, speed: 32, numberOfBlocks:25, blockLength: 168, crossings: 11-2, singleDirection: true, highBlocknumberSectionId: }
4268 [main] INFO  be.kdg.Simulator.DomainLoader.RideRouter  - loadSection with info: Section: { sectionId: 138, speed: 32, numberOfBlocks:25, blockLength: 168, crossings: 11-2, singleDirection: true, highBlocknumberSectionId: }
4369 [main] INFO  be.kdg.Simulator.DomainLoader.SectionLoader  - SectionInfo set: Section: { sectionId: 36, speed: 16, numberOfBlocks:13, blockLength: 148, crossings: , singleDirection: true, highBlocknumberSectionId: }
4369 [main] INFO  be.kdg.Simulator.DomainLoader.RideRouter  - loadSection with info: Section: { sectionId: 36, speed: 16, numberOfBlocks:13, blockLength: 148, crossings: , singleDirection: true, highBlocknumberSectionId: }
4471 [main] INFO  be.kdg.Simulator.DomainLoader.SectionLoader  - SectionInfo set: Section: { sectionId: 240, speed: 21, numberOfBlocks:45, blockLength: 97, crossings: 44-2, singleDirection: false, highBlocknumberSectionId: 227-888}
4471 [main] INFO  be.kdg.Simulator.DomainLoader.RideRouter  - loadSection with info: Section: { sectionId: 240, speed: 21, numberOfBlocks:45, blockLength: 97, crossings: 44-2, singleDirection: false, highBlocknumberSectionId: 227-888}
4471 [main] INFO  be.kdg.Simulator.RideSimulator  - Ride after getRoute: Ride: { rideId: 42, Delay: 10000, rideSections: [Section: { sectionId: 131, speed: 48, numberOfBlocks:44, blockLength: 190, crossings: 13-13-15, singleDirection: false, highBlocknumberSectionId: 282-897}, Section: { sectionId: 63, speed: 21, numberOfBlocks:18, blockLength: 176, crossings: 3-3-9-6, singleDirection: false, highBlocknumberSectionId: 64-680}, Section: { sectionId: 428, speed: 20, numberOfBlocks:7, blockLength: 130, crossings: 6-6-6-7, singleDirection: true, highBlocknumberSectionId: }, Section: { sectionId: 21, speed: 32, numberOfBlocks:18, blockLength: 166, crossings: 17, singleDirection: true, highBlocknumberSectionId: }, Section: { sectionId: 321, speed: 22, numberOfBlocks:49, blockLength: 123, crossings: 40-19, singleDirection: true, highBlocknumberSectionId: }, Section: { sectionId: 466, speed: 19, numberOfBlocks:24, blockLength: 156, crossings: 23-5, singleDirection: false, highBlocknumberSectionId: 324-980}, Section: { sectionId: 178, speed: 7, numberOfBlocks:1, blockLength: 121, crossings: 1-1-1, singleDirection: true, highBlocknumberSectionId: }, Section: { sectionId: 138, speed: 32, numberOfBlocks:25, blockLength: 168, crossings: 11-2, singleDirection: true, highBlocknumberSectionId: }, Section: { sectionId: 36, speed: 16, numberOfBlocks:13, blockLength: 148, crossings: , singleDirection: true, highBlocknumberSectionId: }, Section: { sectionId: 240, speed: 21, numberOfBlocks:45, blockLength: 97, crossings: 44-2, singleDirection: false, highBlocknumberSectionId: 227-888}]}
4675 [main] INFO  be.kdg.Simulator.DomainLoader.SectionLoader  - SectionInfo set: Section: { sectionId: 84, speed: 39, numberOfBlocks:38, blockLength: 64, crossings: 30-32, singleDirection: true, highBlocknumberSectionId: }
4675 [main] INFO  be.kdg.Simulator.DomainLoader.RideRouter  - loadSection with info: Section: { sectionId: 84, speed: 39, numberOfBlocks:38, blockLength: 64, crossings: 30-32, singleDirection: true, highBlocknumberSectionId: }
4776 [main] INFO  be.kdg.Simulator.DomainLoader.SectionLoader  - SectionInfo set: Section: { sectionId: 342, speed: 6, numberOfBlocks:36, blockLength: 145, crossings: 9-22-30-11, singleDirection: true, highBlocknumberSectionId: }
4776 [main] INFO  be.kdg.Simulator.DomainLoader.RideRouter  - loadSection with info: Section: { sectionId: 342, speed: 6, numberOfBlocks:36, blockLength: 145, crossings: 9-22-30-11, singleDirection: true, highBlocknumberSectionId: }
4877 [main] INFO  be.kdg.Simulator.DomainLoader.SectionLoader  - SectionInfo set: Section: { sectionId: 252, speed: 13, numberOfBlocks:10, blockLength: 137, crossings: 5-1-6-1, singleDirection: false, highBlocknumberSectionId: 437-721}
4877 [main] INFO  be.kdg.Simulator.DomainLoader.RideRouter  - loadSection with info: Section: { sectionId: 252, speed: 13, numberOfBlocks:10, blockLength: 137, crossings: 5-1-6-1, singleDirection: false, highBlocknumberSectionId: 437-721}
4978 [main] INFO  be.kdg.Simulator.DomainLoader.SectionLoader  - SectionInfo set: Section: { sectionId: 255, speed: 36, numberOfBlocks:33, blockLength: 74, crossings: 16-5, singleDirection: true, highBlocknumberSectionId: }
4978 [main] INFO  be.kdg.Simulator.DomainLoader.RideRouter  - loadSection with info: Section: { sectionId: 255, speed: 36, numberOfBlocks:33, blockLength: 74, crossings: 16-5, singleDirection: true, highBlocknumberSectionId: }
5078 [main] INFO  be.kdg.Simulator.DomainLoader.SectionLoader  - SectionInfo set: Section: { sectionId: 115, speed: 22, numberOfBlocks:17, blockLength: 137, crossings: 14, singleDirection: true, highBlocknumberSectionId: }
5079 [main] INFO  be.kdg.Simulator.DomainLoader.RideRouter  - loadSection with info: Section: { sectionId: 115, speed: 22, numberOfBlocks:17, blockLength: 137, crossings: 14, singleDirection: true, highBlocknumberSectionId: }
5180 [main] INFO  be.kdg.Simulator.DomainLoader.SectionLoader  - SectionInfo set: Section: { sectionId: 323, speed: 29, numberOfBlocks:40, blockLength: 100, crossings: 30-20, singleDirection: true, highBlocknumberSectionId: }
5180 [main] INFO  be.kdg.Simulator.DomainLoader.RideRouter  - loadSection with info: Section: { sectionId: 323, speed: 29, numberOfBlocks:40, blockLength: 100, crossings: 30-20, singleDirection: true, highBlocknumberSectionId: }
5285 [main] INFO  be.kdg.Simulator.DomainLoader.SectionLoader  - SectionInfo set: Section: { sectionId: 283, speed: 13, numberOfBlocks:50, blockLength: 199, crossings: 4-36-17-36, singleDirection: true, highBlocknumberSectionId: }
5285 [main] INFO  be.kdg.Simulator.DomainLoader.RideRouter  - loadSection with info: Section: { sectionId: 283, speed: 13, numberOfBlocks:50, blockLength: 199, crossings: 4-36-17-36, singleDirection: true, highBlocknumberSectionId: }
5385 [main] INFO  be.kdg.Simulator.DomainLoader.SectionLoader  - SectionInfo set: Section: { sectionId: 80, speed: 28, numberOfBlocks:31, blockLength: 74, crossings: , singleDirection: false, highBlocknumberSectionId: 72-808}
5385 [main] INFO  be.kdg.Simulator.DomainLoader.RideRouter  - loadSection with info: Section: { sectionId: 80, speed: 28, numberOfBlocks:31, blockLength: 74, crossings: , singleDirection: false, highBlocknumberSectionId: 72-808}
5486 [main] INFO  be.kdg.Simulator.DomainLoader.SectionLoader  - SectionInfo set: Section: { sectionId: 402, speed: 5, numberOfBlocks:44, blockLength: 152, crossings: 40-40-26-4, singleDirection: false, highBlocknumberSectionId: 429-947}
5486 [main] INFO  be.kdg.Simulator.DomainLoader.RideRouter  - loadSection with info: Section: { sectionId: 402, speed: 5, numberOfBlocks:44, blockLength: 152, crossings: 40-40-26-4, singleDirection: false, highBlocknumberSectionId: 429-947}
5587 [main] INFO  be.kdg.Simulator.DomainLoader.SectionLoader  - SectionInfo set: Section: { sectionId: 348, speed: 29, numberOfBlocks:13, blockLength: 167, crossings: , singleDirection: false, highBlocknumberSectionId: 201-789}
5587 [main] INFO  be.kdg.Simulator.DomainLoader.RideRouter  - loadSection with info: Section: { sectionId: 348, speed: 29, numberOfBlocks:13, blockLength: 167, crossings: , singleDirection: false, highBlocknumberSectionId: 201-789}
5688 [main] INFO  be.kdg.Simulator.DomainLoader.SectionLoader  - SectionInfo set: Section: { sectionId: 226, speed: 34, numberOfBlocks:40, blockLength: 108, crossings: 26-1, singleDirection: false, highBlocknumberSectionId: 366-803}
5688 [main] INFO  be.kdg.Simulator.DomainLoader.RideRouter  - loadSection with info: Section: { sectionId: 226, speed: 34, numberOfBlocks:40, blockLength: 108, crossings: 26-1, singleDirection: false, highBlocknumberSectionId: 366-803}
5790 [main] INFO  be.kdg.Simulator.DomainLoader.SectionLoader  - SectionInfo set: Section: { sectionId: 124, speed: 47, numberOfBlocks:22, blockLength: 116, crossings: 7-12, singleDirection: true, highBlocknumberSectionId: }
5790 [main] INFO  be.kdg.Simulator.DomainLoader.RideRouter  - loadSection with info: Section: { sectionId: 124, speed: 47, numberOfBlocks:22, blockLength: 116, crossings: 7-12, singleDirection: true, highBlocknumberSectionId: }
5891 [main] INFO  be.kdg.Simulator.DomainLoader.SectionLoader  - SectionInfo set: Section: { sectionId: 227, speed: 49, numberOfBlocks:24, blockLength: 147, crossings: 5-15, singleDirection: false, highBlocknumberSectionId: 271-917}
5891 [main] INFO  be.kdg.Simulator.DomainLoader.RideRouter  - loadSection with info: Section: { sectionId: 227, speed: 49, numberOfBlocks:24, blockLength: 147, crossings: 5-15, singleDirection: false, highBlocknumberSectionId: 271-917}
5991 [main] INFO  be.kdg.Simulator.DomainLoader.SectionLoader  - SectionInfo set: Section: { sectionId: 156, speed: 27, numberOfBlocks:45, blockLength: 84, crossings: 7-20-15-12, singleDirection: true, highBlocknumberSectionId: }
5991 [main] INFO  be.kdg.Simulator.DomainLoader.RideRouter  - loadSection with info: Section: { sectionId: 156, speed: 27, numberOfBlocks:45, blockLength: 84, crossings: 7-20-15-12, singleDirection: true, highBlocknumberSectionId: }
6092 [main] INFO  be.kdg.Simulator.DomainLoader.SectionLoader  - SectionInfo set: Section: { sectionId: 88, speed: 5, numberOfBlocks:42, blockLength: 122, crossings: 37, singleDirection: true, highBlocknumberSectionId: }
6092 [main] INFO  be.kdg.Simulator.DomainLoader.RideRouter  - loadSection with info: Section: { sectionId: 88, speed: 5, numberOfBlocks:42, blockLength: 122, crossings: 37, singleDirection: true, highBlocknumberSectionId: }
6197 [main] INFO  be.kdg.Simulator.DomainLoader.SectionLoader  - SectionInfo set: Section: { sectionId: 257, speed: 33, numberOfBlocks:48, blockLength: 136, crossings: , singleDirection: false, highBlocknumberSectionId: 197-509}
6197 [main] INFO  be.kdg.Simulator.DomainLoader.RideRouter  - loadSection with info: Section: { sectionId: 257, speed: 33, numberOfBlocks:48, blockLength: 136, crossings: , singleDirection: false, highBlocknumberSectionId: 197-509}
6298 [main] INFO  be.kdg.Simulator.DomainLoader.SectionLoader  - SectionInfo set: Section: { sectionId: 200, speed: 6, numberOfBlocks:10, blockLength: 83, crossings: 3-7-9-8, singleDirection: false, highBlocknumberSectionId: 486-619}
6299 [main] INFO  be.kdg.Simulator.DomainLoader.RideRouter  - loadSection with info: Section: { sectionId: 200, speed: 6, numberOfBlocks:10, blockLength: 83, crossings: 3-7-9-8, singleDirection: false, highBlocknumberSectionId: 486-619}
6400 [main] INFO  be.kdg.Simulator.DomainLoader.SectionLoader  - SectionInfo set: Section: { sectionId: 460, speed: 29, numberOfBlocks:40, blockLength: 139, crossings: 9-2, singleDirection: false, highBlocknumberSectionId: 194-806}
6400 [main] INFO  be.kdg.Simulator.DomainLoader.RideRouter  - loadSection with info: Section: { sectionId: 460, speed: 29, numberOfBlocks:40, blockLength: 139, crossings: 9-2, singleDirection: false, highBlocknumberSectionId: 194-806}
6501 [main] INFO  be.kdg.Simulator.DomainLoader.SectionLoader  - SectionInfo set: Section: { sectionId: 161, speed: 42, numberOfBlocks:3, blockLength: 159, crossings: , singleDirection: false, highBlocknumberSectionId: 28-782}
6501 [main] INFO  be.kdg.Simulator.DomainLoader.RideRouter  - loadSection with info: Section: { sectionId: 161, speed: 42, numberOfBlocks:3, blockLength: 159, crossings: , singleDirection: false, highBlocknumberSectionId: 28-782}
6602 [main] INFO  be.kdg.Simulator.DomainLoader.SectionLoader  - SectionInfo set: Section: { sectionId: 236, speed: 42, numberOfBlocks:15, blockLength: 58, crossings: , singleDirection: true, highBlocknumberSectionId: }
6603 [main] INFO  be.kdg.Simulator.DomainLoader.RideRouter  - loadSection with info: Section: { sectionId: 236, speed: 42, numberOfBlocks:15, blockLength: 58, crossings: , singleDirection: true, highBlocknumberSectionId: }
6705 [main] INFO  be.kdg.Simulator.DomainLoader.SectionLoader  - SectionInfo set: Section: { sectionId: 188, speed: 38, numberOfBlocks:33, blockLength: 166, crossings: , singleDirection: false, highBlocknumberSectionId: 221-987}
6705 [main] INFO  be.kdg.Simulator.DomainLoader.RideRouter  - loadSection with info: Section: { sectionId: 188, speed: 38, numberOfBlocks:33, blockLength: 166, crossings: , singleDirection: false, highBlocknumberSectionId: 221-987}
6806 [main] INFO  be.kdg.Simulator.DomainLoader.SectionLoader  - SectionInfo set: Section: { sectionId: 421, speed: 36, numberOfBlocks:11, blockLength: 187, crossings: 11-4-11, singleDirection: true, highBlocknumberSectionId: }
6806 [main] INFO  be.kdg.Simulator.DomainLoader.RideRouter  - loadSection with info: Section: { sectionId: 421, speed: 36, numberOfBlocks:11, blockLength: 187, crossings: 11-4-11, singleDirection: true, highBlocknumberSectionId: }
6907 [main] INFO  be.kdg.Simulator.DomainLoader.SectionLoader  - SectionInfo set: Section: { sectionId: 269, speed: 29, numberOfBlocks:26, blockLength: 126, crossings: , singleDirection: true, highBlocknumberSectionId: }
6907 [main] INFO  be.kdg.Simulator.DomainLoader.RideRouter  - loadSection with info: Section: { sectionId: 269, speed: 29, numberOfBlocks:26, blockLength: 126, crossings: , singleDirection: true, highBlocknumberSectionId: }
6907 [main] INFO  be.kdg.Simulator.RideSimulator  - Ride after getRoute: Ride: { rideId: 31, Delay: 5000, rideSections: [Section: { sectionId: 84, speed: 39, numberOfBlocks:38, blockLength: 64, crossings: 30-32, singleDirection: true, highBlocknumberSectionId: }, Section: { sectionId: 342, speed: 6, numberOfBlocks:36, blockLength: 145, crossings: 9-22-30-11, singleDirection: true, highBlocknumberSectionId: }, Section: { sectionId: 252, speed: 13, numberOfBlocks:10, blockLength: 137, crossings: 5-1-6-1, singleDirection: false, highBlocknumberSectionId: 437-721}, Section: { sectionId: 255, speed: 36, numberOfBlocks:33, blockLength: 74, crossings: 16-5, singleDirection: true, highBlocknumberSectionId: }, Section: { sectionId: 115, speed: 22, numberOfBlocks:17, blockLength: 137, crossings: 14, singleDirection: true, highBlocknumberSectionId: }, Section: { sectionId: 323, speed: 29, numberOfBlocks:40, blockLength: 100, crossings: 30-20, singleDirection: true, highBlocknumberSectionId: }, Section: { sectionId: 283, speed: 13, numberOfBlocks:50, blockLength: 199, crossings: 4-36-17-36, singleDirection: true, highBlocknumberSectionId: }, Section: { sectionId: 80, speed: 28, numberOfBlocks:31, blockLength: 74, crossings: , singleDirection: false, highBlocknumberSectionId: 72-808}, Section: { sectionId: 402, speed: 5, numberOfBlocks:44, blockLength: 152, crossings: 40-40-26-4, singleDirection: false, highBlocknumberSectionId: 429-947}, Section: { sectionId: 348, speed: 29, numberOfBlocks:13, blockLength: 167, crossings: , singleDirection: false, highBlocknumberSectionId: 201-789}, Section: { sectionId: 226, speed: 34, numberOfBlocks:40, blockLength: 108, crossings: 26-1, singleDirection: false, highBlocknumberSectionId: 366-803}, Section: { sectionId: 124, speed: 47, numberOfBlocks:22, blockLength: 116, crossings: 7-12, singleDirection: true, highBlocknumberSectionId: }, Section: { sectionId: 227, speed: 49, numberOfBlocks:24, blockLength: 147, crossings: 5-15, singleDirection: false, highBlocknumberSectionId: 271-917}, Section: { sectionId: 156, speed: 27, numberOfBlocks:45, blockLength: 84, crossings: 7-20-15-12, singleDirection: true, highBlocknumberSectionId: }, Section: { sectionId: 88, speed: 5, numberOfBlocks:42, blockLength: 122, crossings: 37, singleDirection: true, highBlocknumberSectionId: }, Section: { sectionId: 257, speed: 33, numberOfBlocks:48, blockLength: 136, crossings: , singleDirection: false, highBlocknumberSectionId: 197-509}, Section: { sectionId: 200, speed: 6, numberOfBlocks:10, blockLength: 83, crossings: 3-7-9-8, singleDirection: false, highBlocknumberSectionId: 486-619}, Section: { sectionId: 460, speed: 29, numberOfBlocks:40, blockLength: 139, crossings: 9-2, singleDirection: false, highBlocknumberSectionId: 194-806}, Section: { sectionId: 161, speed: 42, numberOfBlocks:3, blockLength: 159, crossings: , singleDirection: false, highBlocknumberSectionId: 28-782}, Section: { sectionId: 236, speed: 42, numberOfBlocks:15, blockLength: 58, crossings: , singleDirection: true, highBlocknumberSectionId: }, Section: { sectionId: 188, speed: 38, numberOfBlocks:33, blockLength: 166, crossings: , singleDirection: false, highBlocknumberSectionId: 221-987}, Section: { sectionId: 421, speed: 36, numberOfBlocks:11, blockLength: 187, crossings: 11-4-11, singleDirection: true, highBlocknumberSectionId: }, Section: { sectionId: 269, speed: 29, numberOfBlocks:26, blockLength: 126, crossings: , singleDirection: true, highBlocknumberSectionId: }]}
