0    [pool-1-thread-1] INFO  be.kdg.Simulator.ServiceCallers.RideRouter  - routeSections String:{"section":104,"speed":37}
0    [pool-1-thread-1] INFO  be.kdg.Simulator.ServiceCallers.RideRouter  - routeSections String:{"section":207,"speed":29}
0    [pool-1-thread-1] INFO  be.kdg.Simulator.ServiceCallers.RideRouter  - routeSections String:{"section":208,"speed":13}
0    [pool-1-thread-1] INFO  be.kdg.Simulator.ServiceCallers.RideRouter  - routeSections String:{"section":420,"speed":20}
0    [pool-1-thread-1] INFO  be.kdg.Simulator.ServiceCallers.RideRouter  - routeSections String:{"section":126,"speed":39}
0    [pool-1-thread-1] INFO  be.kdg.Simulator.ServiceCallers.RideRouter  - routeSections String:{"section":308,"speed":15}
0    [pool-1-thread-1] INFO  be.kdg.Simulator.ServiceCallers.RideRouter  - routeSections String:{"section":78,"speed":40}
0    [pool-1-thread-1] INFO  be.kdg.Simulator.ServiceCallers.RideRouter  - routeSections String:{"section":448,"speed":4}
0    [pool-1-thread-1] INFO  be.kdg.Simulator.ServiceCallers.RideRouter  - routeSections String:{"section":273,"speed":42}
0    [pool-1-thread-1] INFO  be.kdg.Simulator.ServiceCallers.RideRouter  - routeSections String:{"section":450,"speed":30}
0    [pool-1-thread-1] INFO  be.kdg.Simulator.ServiceCallers.RideRouter  - routeSections String:{"section":220,"speed":31}
0    [pool-1-thread-1] INFO  be.kdg.Simulator.ServiceCallers.RideRouter  - routeSections String:{"section":345,"speed":21}
0    [pool-1-thread-1] INFO  be.kdg.Simulator.ServiceCallers.RideRouter  - routeSections String:{"section":48,"speed":21}
0    [pool-1-thread-1] INFO  be.kdg.Simulator.ServiceCallers.RideRouter  - routeSections String:{"section":112,"speed":46}
0    [pool-1-thread-1] INFO  be.kdg.Simulator.ServiceCallers.RideRouter  - routeSections String:{"section":79,"speed":49}
0    [pool-1-thread-1] INFO  be.kdg.Simulator.ServiceCallers.RideRouter  - routeSections String:{"section":49,"speed":50}
0    [pool-1-thread-1] INFO  be.kdg.Simulator.ServiceCallers.RideRouter  - routeSections String:{"section":492,"speed":35}
0    [pool-1-thread-1] INFO  be.kdg.Simulator.ServiceCallers.RideRouter  - routeSections String:{"section":387,"speed":31}
0    [pool-1-thread-1] INFO  be.kdg.Simulator.ServiceCallers.RideRouter  - routeSections String:{"section":257,"speed":48}
0    [pool-1-thread-1] INFO  be.kdg.Simulator.ServiceCallers.RideRouter  - routeSections String:{"section":261,"speed":42}
0    [pool-1-thread-1] INFO  be.kdg.Simulator.ServiceCallers.RideRouter  - routeSections String:{"section":378,"speed":21}
0    [pool-1-thread-1] INFO  be.kdg.Simulator.ServiceCallers.RideRouter  - routeSections String:{"section":275,"speed":9}
0    [pool-1-thread-1] INFO  be.kdg.Simulator.ServiceCallers.RideRouter  - routeSections String:{"section":379,"speed":30}
0    [pool-1-thread-1] INFO  be.kdg.Simulator.ServiceCallers.RideRouter  - routeSections String:{"section":70,"speed":29}
0    [pool-1-thread-1] INFO  be.kdg.Simulator.ServiceCallers.RideRouter  - routeSections String:{"section":466,"speed":25}
0    [pool-1-thread-1] INFO  be.kdg.Simulator.ServiceCallers.RideRouter  - routeSections String:{"section":229,"speed":20}
0    [pool-1-thread-1] INFO  be.kdg.Simulator.ServiceCallers.RideRouter  - routeSections String:{"section":395,"speed":35}
0    [pool-1-thread-1] INFO  be.kdg.Simulator.ServiceCallers.RideRouter  - routeSections String:{"section":363,"speed":8}
0    [pool-1-thread-1] INFO  be.kdg.Simulator.ServiceCallers.RideRouter  - routeSections String:{"section":221,"speed":17}
0    [pool-1-thread-1] INFO  be.kdg.Simulator.ServiceCallers.RideRouter  - routeSections String:{"section":379,"speed":35}
0    [pool-1-thread-1] INFO  be.kdg.Simulator.ServiceCallers.RideRouter  - routeSections String:{"section":153,"speed":27}
0    [pool-1-thread-1] INFO  be.kdg.Simulator.ServiceCallers.RideRouter  - routeSections String:{"section":84,"speed":19}
0    [pool-1-thread-1] INFO  be.kdg.Simulator.ServiceCallers.RideRouter  - routeSections String:{"section":463,"speed":46}
0    [pool-1-thread-1] INFO  be.kdg.Simulator.ServiceCallers.RideRouter  - routeSections String:{"section":117,"speed":23}
0    [pool-1-thread-1] INFO  be.kdg.Simulator.ServiceCallers.RideRouter  - routeSections String:{"section":238,"speed":18}
0    [pool-1-thread-1] INFO  be.kdg.Simulator.ServiceCallers.RideRouter  - routeSections String:{"section":14,"speed":37}
0    [pool-1-thread-1] INFO  be.kdg.Simulator.ServiceCallers.RideRouter  - routeSections String:{"section":290,"speed":31}
16   [pool-1-thread-1] INFO  be.kdg.Simulator.ServiceCallers.RideRouter  - routeSections String:{"section":447,"speed":10}
16   [pool-1-thread-1] INFO  be.kdg.Simulator.ServiceCallers.RideRouter  - routeSections String:{"section":159,"speed":20}
16   [pool-1-thread-1] INFO  be.kdg.Simulator.ServiceCallers.RideRouter  - routeSections String:{"section":91,"speed":35}
16   [pool-1-thread-1] INFO  be.kdg.Simulator.ServiceCallers.RideRouter  - routeSections String:{"section":339,"speed":50}
16   [pool-1-thread-1] INFO  be.kdg.Simulator.ServiceCallers.RideRouter  - routeSections String:{"section":347,"speed":24}
16   [pool-1-thread-1] INFO  be.kdg.Simulator.ServiceCallers.RideRouter  - routeSections String:{"section":215,"speed":21}
16   [pool-1-thread-1] INFO  be.kdg.Simulator.ServiceCallers.RideRouter  - routeSections String:{"section":90,"speed":39}
16   [pool-1-thread-1] INFO  be.kdg.Simulator.ServiceCallers.RideRouter  - routeSections String:{"section":466,"speed":32}
16   [pool-1-thread-1] INFO  be.kdg.Simulator.ServiceCallers.RideRouter  - routeSections String:{"section":338,"speed":22}
16   [pool-1-thread-1] INFO  be.kdg.Simulator.ServiceCallers.RideRouter  - routeSections String:{"section":266,"speed":28}
16   [pool-1-thread-1] INFO  be.kdg.Simulator.ServiceCallers.RideRouter  - routeSections String:{"section":202,"speed":26}
16   [pool-1-thread-1] INFO  be.kdg.Simulator.ServiceCallers.RideRouter  - routeSections String:{"section":374,"speed":31}
16   [pool-1-thread-1] INFO  be.kdg.Simulator.ServiceCallers.RideRouter  - routeSections String:{"section":54,"speed":38}
16   [pool-1-thread-1] INFO  be.kdg.Simulator.ServiceCallers.RideRouter  - routeSections String:{"section":73,"speed":50}
16   [pool-1-thread-1] INFO  be.kdg.Simulator.ServiceCallers.RideRouter  - routeSections String:{"section":446,"speed":17}
16   [pool-1-thread-1] INFO  be.kdg.Simulator.ServiceCallers.RideRouter  - routeSections String:{"section":184,"speed":38}
16   [pool-1-thread-1] INFO  be.kdg.Simulator.ServiceCallers.RideRouter  - routeSections String:{"section":362,"speed":17}
16   [pool-1-thread-1] INFO  be.kdg.Simulator.ServiceCallers.RideRouter  - routeSections String:{"section":170,"speed":25}
16   [pool-1-thread-1] INFO  be.kdg.Simulator.ServiceCallers.RideRouter  - routeSections String:{"section":266,"speed":14}
16   [pool-1-thread-1] INFO  be.kdg.Simulator.ServiceCallers.RideRouter  - routeSections String:{"section":275,"speed":4}
16   [pool-1-thread-1] INFO  be.kdg.Simulator.ServiceCallers.RideRouter  - routeSections String:{"section":410,"speed":38}
16   [pool-1-thread-1] INFO  be.kdg.Simulator.ServiceCallers.RideRouter  - routeSections String:{"section":312,"speed":41}
16   [pool-1-thread-1] INFO  be.kdg.Simulator.ServiceCallers.RideRouter  - routeSections String:{"section":159,"speed":45}
16   [pool-1-thread-1] INFO  be.kdg.Simulator.ServiceCallers.RideRouter  - routeSections String:{"section":301,"speed":5}
16   [pool-1-thread-1] INFO  be.kdg.Simulator.ServiceCallers.RideRouter  - routeSections String:{"section":470,"speed":3}
16   [pool-1-thread-1] INFO  be.kdg.Simulator.ServiceCallers.RideRouter  - routeSections String:{"section":211,"speed":6}
16   [pool-1-thread-1] INFO  be.kdg.Simulator.ServiceCallers.RideRouter  - routeSections String:{"section":45,"speed":23}
16   [pool-1-thread-1] INFO  be.kdg.Simulator.ServiceCallers.RideRouter  - routeSections String:{"section":65,"speed":33}
16   [pool-1-thread-1] INFO  be.kdg.Simulator.ServiceCallers.RideRouter  - routeSections String:{"section":180,"speed":43}
16   [pool-1-thread-1] INFO  be.kdg.Simulator.ServiceCallers.RideRouter  - routeSections String:{"section":470,"speed":21}
16   [pool-1-thread-1] INFO  be.kdg.Simulator.ServiceCallers.RideRouter  - routeSections String:{"section":117,"speed":49}
16   [pool-1-thread-1] INFO  be.kdg.Simulator.ServiceCallers.RideRouter  - routeSections String:{"section":442,"speed":38}
16   [pool-1-thread-1] INFO  be.kdg.Simulator.ServiceCallers.RideRouter  - routeSections String:{"section":169,"speed":26}
16   [pool-1-thread-1] INFO  be.kdg.Simulator.ServiceCallers.RideRouter  - routeSections String:{"section":271,"speed":38}
4781 [pool-1-thread-3] INFO  be.kdg.Simulator.ServiceCallers.RideRouter  - routeSections String:{"section":495,"speed":50}
4781 [pool-1-thread-3] INFO  be.kdg.Simulator.ServiceCallers.RideRouter  - routeSections String:{"section":102,"speed":23}
4781 [pool-1-thread-3] INFO  be.kdg.Simulator.ServiceCallers.RideRouter  - routeSections String:{"section":114,"speed":7}
4781 [pool-1-thread-3] INFO  be.kdg.Simulator.ServiceCallers.RideRouter  - routeSections String:{"section":118,"speed":15}
4781 [pool-1-thread-3] INFO  be.kdg.Simulator.ServiceCallers.RideRouter  - routeSections String:{"section":257,"speed":8}
4781 [pool-1-thread-3] INFO  be.kdg.Simulator.ServiceCallers.RideRouter  - routeSections String:{"section":395,"speed":47}
4812 [pool-1-thread-2] INFO  be.kdg.Simulator.ServiceCallers.RideRouter  - routeSections String:{"section":260,"speed":17}
4812 [pool-1-thread-2] INFO  be.kdg.Simulator.ServiceCallers.RideRouter  - routeSections String:{"section":369,"speed":40}
4812 [pool-1-thread-2] INFO  be.kdg.Simulator.ServiceCallers.RideRouter  - routeSections String:{"section":181,"speed":47}
4812 [pool-1-thread-2] INFO  be.kdg.Simulator.ServiceCallers.RideRouter  - routeSections String:{"section":351,"speed":27}
4812 [pool-1-thread-2] INFO  be.kdg.Simulator.ServiceCallers.RideRouter  - routeSections String:{"section":152,"speed":49}
4812 [pool-1-thread-2] INFO  be.kdg.Simulator.ServiceCallers.RideRouter  - routeSections String:{"section":39,"speed":41}
4812 [pool-1-thread-2] INFO  be.kdg.Simulator.ServiceCallers.RideRouter  - routeSections String:{"section":199,"speed":4}
4812 [pool-1-thread-2] INFO  be.kdg.Simulator.ServiceCallers.RideRouter  - routeSections String:{"section":156,"speed":20}
4812 [pool-1-thread-2] INFO  be.kdg.Simulator.ServiceCallers.RideRouter  - routeSections String:{"section":263,"speed":3}
4812 [pool-1-thread-2] INFO  be.kdg.Simulator.ServiceCallers.RideRouter  - routeSections String:{"section":496,"speed":21}
4812 [pool-1-thread-2] INFO  be.kdg.Simulator.ServiceCallers.RideRouter  - routeSections String:{"section":455,"speed":24}
4812 [pool-1-thread-2] INFO  be.kdg.Simulator.ServiceCallers.RideRouter  - routeSections String:{"section":184,"speed":34}
4812 [pool-1-thread-2] INFO  be.kdg.Simulator.ServiceCallers.RideRouter  - routeSections String:{"section":21,"speed":48}
4812 [pool-1-thread-2] INFO  be.kdg.Simulator.ServiceCallers.RideRouter  - routeSections String:{"section":164,"speed":25}
4812 [pool-1-thread-2] INFO  be.kdg.Simulator.ServiceCallers.RideRouter  - routeSections String:{"section":359,"speed":22}
4812 [pool-1-thread-2] INFO  be.kdg.Simulator.ServiceCallers.RideRouter  - routeSections String:{"section":65,"speed":49}
4812 [pool-1-thread-2] INFO  be.kdg.Simulator.ServiceCallers.RideRouter  - routeSections String:{"section":473,"speed":33}
4812 [pool-1-thread-2] INFO  be.kdg.Simulator.ServiceCallers.RideRouter  - routeSections String:{"section":19,"speed":35}
4812 [pool-1-thread-2] INFO  be.kdg.Simulator.ServiceCallers.RideRouter  - routeSections String:{"section":185,"speed":4}
4812 [pool-1-thread-2] INFO  be.kdg.Simulator.ServiceCallers.RideRouter  - routeSections String:{"section":61,"speed":40}
4812 [pool-1-thread-2] INFO  be.kdg.Simulator.ServiceCallers.RideRouter  - routeSections String:{"section":275,"speed":47}
4812 [pool-1-thread-2] INFO  be.kdg.Simulator.ServiceCallers.RideRouter  - routeSections String:{"section":187,"speed":32}
4812 [pool-1-thread-2] INFO  be.kdg.Simulator.ServiceCallers.RideRouter  - routeSections String:{"section":34,"speed":36}
4812 [pool-1-thread-2] INFO  be.kdg.Simulator.ServiceCallers.RideRouter  - routeSections String:{"section":67,"speed":15}
4812 [pool-1-thread-2] INFO  be.kdg.Simulator.ServiceCallers.RideRouter  - routeSections String:{"section":448,"speed":19}
4812 [pool-1-thread-2] INFO  be.kdg.Simulator.ServiceCallers.RideRouter  - routeSections String:{"section":121,"speed":22}
4812 [pool-1-thread-2] INFO  be.kdg.Simulator.ServiceCallers.RideRouter  - routeSections String:{"section":402,"speed":11}
4812 [pool-1-thread-2] INFO  be.kdg.Simulator.ServiceCallers.RideRouter  - routeSections String:{"section":390,"speed":2}
4812 [pool-1-thread-2] INFO  be.kdg.Simulator.ServiceCallers.RideRouter  - routeSections String:{"section":321,"speed":49}
4812 [pool-1-thread-2] INFO  be.kdg.Simulator.ServiceCallers.RideRouter  - routeSections String:{"section":448,"speed":30}
4812 [pool-1-thread-2] INFO  be.kdg.Simulator.ServiceCallers.RideRouter  - routeSections String:{"section":494,"speed":50}
4812 [pool-1-thread-2] INFO  be.kdg.Simulator.ServiceCallers.RideRouter  - routeSections String:{"section":107,"speed":39}
4812 [pool-1-thread-2] INFO  be.kdg.Simulator.ServiceCallers.RideRouter  - routeSections String:{"section":64,"speed":5}
4812 [pool-1-thread-2] INFO  be.kdg.Simulator.ServiceCallers.RideRouter  - routeSections String:{"section":216,"speed":3}
0    [main] INFO  be.kdg.Simulator.ServiceCallers.RideRouter  - loadSection with info: Section: { sectionId: 388, speed: 49, numberOfBlocks:40, blockLength: 166, crossings: null, singleDirection: false, highBlocknumberSectionIds: 256-848}
116  [main] INFO  be.kdg.Simulator.ServiceCallers.RideRouter  - loadSection with info: Section: { sectionId: 451, speed: 3, numberOfBlocks:21, blockLength: 117, crossings: 13-16, singleDirection: false, highBlocknumberSectionIds: 341-519}
216  [main] INFO  be.kdg.Simulator.ServiceCallers.RideRouter  - loadSection with info: Section: { sectionId: 156, speed: 36, numberOfBlocks:5, blockLength: 193, crossings: 4, singleDirection: true, highBlocknumberSectionIds: null}
320  [main] INFO  be.kdg.Simulator.ServiceCallers.RideRouter  - loadSection with info: Section: { sectionId: 180, speed: 38, numberOfBlocks:8, blockLength: 114, crossings: 8-1, singleDirection: false, highBlocknumberSectionIds: 497-904}
421  [main] INFO  be.kdg.Simulator.ServiceCallers.RideRouter  - loadSection with info: Section: { sectionId: 390, speed: 13, numberOfBlocks:15, blockLength: 176, crossings: null, singleDirection: true, highBlocknumberSectionIds: null}
521  [main] INFO  be.kdg.Simulator.ServiceCallers.RideRouter  - loadSection with info: Section: { sectionId: 179, speed: 17, numberOfBlocks:45, blockLength: 190, crossings: 2, singleDirection: true, highBlocknumberSectionIds: null}
625  [main] INFO  be.kdg.Simulator.ServiceCallers.RideRouter  - loadSection with info: Section: { sectionId: 202, speed: 47, numberOfBlocks:23, blockLength: 154, crossings: null, singleDirection: true, highBlocknumberSectionIds: null}
725  [main] INFO  be.kdg.Simulator.ServiceCallers.RideRouter  - loadSection with info: Section: { sectionId: 19, speed: 16, numberOfBlocks:4, blockLength: 119, crossings: 3-3-2-3, singleDirection: true, highBlocknumberSectionIds: null}
829  [main] INFO  be.kdg.Simulator.ServiceCallers.RideRouter  - loadSection with info: Section: { sectionId: 92, speed: 13, numberOfBlocks:1, blockLength: 57, crossings: 1-1-1-1, singleDirection: false, highBlocknumberSectionIds: 107-657}
929  [main] INFO  be.kdg.Simulator.ServiceCallers.RideRouter  - loadSection with info: Section: { sectionId: 255, speed: 17, numberOfBlocks:40, blockLength: 167, crossings: null, singleDirection: true, highBlocknumberSectionIds: null}
1029 [main] INFO  be.kdg.Simulator.ServiceCallers.RideRouter  - loadSection with info: Section: { sectionId: 429, speed: 11, numberOfBlocks:21, blockLength: 88, crossings: null, singleDirection: false, highBlocknumberSectionIds: 7-726}
1133 [main] INFO  be.kdg.Simulator.ServiceCallers.RideRouter  - loadSection with info: Section: { sectionId: 140, speed: 22, numberOfBlocks:34, blockLength: 147, crossings: 22, singleDirection: true, highBlocknumberSectionIds: null}
1233 [main] INFO  be.kdg.Simulator.ServiceCallers.RideRouter  - loadSection with info: Section: { sectionId: 151, speed: 2, numberOfBlocks:26, blockLength: 80, crossings: 24-8, singleDirection: false, highBlocknumberSectionIds: 409-781}
1333 [main] INFO  be.kdg.Simulator.ServiceCallers.RideRouter  - loadSection with info: Section: { sectionId: 33, speed: 15, numberOfBlocks:11, blockLength: 53, crossings: 1-2, singleDirection: true, highBlocknumberSectionIds: null}
1433 [main] INFO  be.kdg.Simulator.ServiceCallers.RideRouter  - loadSection with info: Section: { sectionId: 10, speed: 25, numberOfBlocks:11, blockLength: 67, crossings: null, singleDirection: false, highBlocknumberSectionIds: 213-659}
1533 [main] INFO  be.kdg.Simulator.ServiceCallers.RideRouter  - loadSection with info: Section: { sectionId: 241, speed: 25, numberOfBlocks:5, blockLength: 127, crossings: 2-4, singleDirection: true, highBlocknumberSectionIds: null}
1633 [main] INFO  be.kdg.Simulator.ServiceCallers.RideRouter  - loadSection with info: Section: { sectionId: 443, speed: 49, numberOfBlocks:40, blockLength: 109, crossings: 21-6-39, singleDirection: false, highBlocknumberSectionIds: 144-814}
1737 [main] INFO  be.kdg.Simulator.ServiceCallers.RideRouter  - loadSection with info: Section: { sectionId: 392, speed: 4, numberOfBlocks:29, blockLength: 61, crossings: 25-28-4-27, singleDirection: false, highBlocknumberSectionIds: 384-573}
1841 [main] INFO  be.kdg.Simulator.ServiceCallers.RideRouter  - loadSection with info: Section: { sectionId: 258, speed: 8, numberOfBlocks:25, blockLength: 73, crossings: null, singleDirection: false, highBlocknumberSectionIds: 401-739}
1945 [main] INFO  be.kdg.Simulator.ServiceCallers.RideRouter  - loadSection with info: Section: { sectionId: 323, speed: 13, numberOfBlocks:21, blockLength: 181, crossings: 13-11-15, singleDirection: false, highBlocknumberSectionIds: 429-571}
2049 [main] INFO  be.kdg.Simulator.ServiceCallers.RideRouter  - loadSection with info: Section: { sectionId: 391, speed: 15, numberOfBlocks:6, blockLength: 84, crossings: 4-4-5, singleDirection: true, highBlocknumberSectionIds: null}
2149 [main] INFO  be.kdg.Simulator.ServiceCallers.RideRouter  - loadSection with info: Section: { sectionId: 122, speed: 15, numberOfBlocks:33, blockLength: 104, crossings: 3-20, singleDirection: true, highBlocknumberSectionIds: null}
2249 [main] INFO  be.kdg.Simulator.ServiceCallers.RideRouter  - loadSection with info: Section: { sectionId: 350, speed: 16, numberOfBlocks:29, blockLength: 198, crossings: 22-1-7, singleDirection: true, highBlocknumberSectionIds: null}
2349 [main] INFO  be.kdg.Simulator.ServiceCallers.RideRouter  - loadSection with info: Section: { sectionId: 264, speed: 35, numberOfBlocks:8, blockLength: 168, crossings: null, singleDirection: true, highBlocknumberSectionIds: null}
2449 [main] INFO  be.kdg.Simulator.ServiceCallers.RideRouter  - loadSection with info: Section: { sectionId: 109, speed: 17, numberOfBlocks:47, blockLength: 109, crossings: 35, singleDirection: true, highBlocknumberSectionIds: null}
2553 [main] INFO  be.kdg.Simulator.ServiceCallers.RideRouter  - loadSection with info: Section: { sectionId: 443, speed: 23, numberOfBlocks:39, blockLength: 183, crossings: 25-13-33, singleDirection: false, highBlocknumberSectionIds: 359-893}
2653 [main] INFO  be.kdg.Simulator.ServiceCallers.RideRouter  - loadSection with info: Section: { sectionId: 244, speed: 36, numberOfBlocks:46, blockLength: 158, crossings: 10, singleDirection: true, highBlocknumberSectionIds: null}
2754 [main] INFO  be.kdg.Simulator.ServiceCallers.RideRouter  - loadSection with info: Section: { sectionId: 262, speed: 31, numberOfBlocks:24, blockLength: 186, crossings: 1-17, singleDirection: true, highBlocknumberSectionIds: null}
2854 [main] INFO  be.kdg.Simulator.ServiceCallers.RideRouter  - loadSection with info: Section: { sectionId: 459, speed: 4, numberOfBlocks:35, blockLength: 151, crossings: 14-35, singleDirection: false, highBlocknumberSectionIds: 448-616}
2954 [main] INFO  be.kdg.Simulator.ServiceCallers.RideRouter  - loadSection with info: Section: { sectionId: 12, speed: 37, numberOfBlocks:27, blockLength: 142, crossings: 3-12-24-26, singleDirection: true, highBlocknumberSectionIds: null}
3058 [main] INFO  be.kdg.Simulator.ServiceCallers.RideRouter  - loadSection with info: Section: { sectionId: 391, speed: 23, numberOfBlocks:27, blockLength: 101, crossings: 27-24, singleDirection: true, highBlocknumberSectionIds: null}
3061 [main] INFO  be.kdg.Simulator.RideSimulator  - Ride after getRoute: Ride: { rideId: 33, Delay: 10000, rideSections: [Section: { sectionId: 388, speed: 49, numberOfBlocks:40, blockLength: 166, crossings: null, singleDirection: false, highBlocknumberSectionIds: 256-848}, Section: { sectionId: 451, speed: 3, numberOfBlocks:21, blockLength: 117, crossings: 13-16, singleDirection: false, highBlocknumberSectionIds: 341-519}, Section: { sectionId: 156, speed: 36, numberOfBlocks:5, blockLength: 193, crossings: 4, singleDirection: true, highBlocknumberSectionIds: null}, Section: { sectionId: 180, speed: 38, numberOfBlocks:8, blockLength: 114, crossings: 8-1, singleDirection: false, highBlocknumberSectionIds: 497-904}, Section: { sectionId: 390, speed: 13, numberOfBlocks:15, blockLength: 176, crossings: null, singleDirection: true, highBlocknumberSectionIds: null}, Section: { sectionId: 179, speed: 17, numberOfBlocks:45, blockLength: 190, crossings: 2, singleDirection: true, highBlocknumberSectionIds: null}, Section: { sectionId: 202, speed: 47, numberOfBlocks:23, blockLength: 154, crossings: null, singleDirection: true, highBlocknumberSectionIds: null}, Section: { sectionId: 19, speed: 16, numberOfBlocks:4, blockLength: 119, crossings: 3-3-2-3, singleDirection: true, highBlocknumberSectionIds: null}, Section: { sectionId: 92, speed: 13, numberOfBlocks:1, blockLength: 57, crossings: 1-1-1-1, singleDirection: false, highBlocknumberSectionIds: 107-657}, Section: { sectionId: 255, speed: 17, numberOfBlocks:40, blockLength: 167, crossings: null, singleDirection: true, highBlocknumberSectionIds: null}, Section: { sectionId: 429, speed: 11, numberOfBlocks:21, blockLength: 88, crossings: null, singleDirection: false, highBlocknumberSectionIds: 7-726}, Section: { sectionId: 140, speed: 22, numberOfBlocks:34, blockLength: 147, crossings: 22, singleDirection: true, highBlocknumberSectionIds: null}, Section: { sectionId: 151, speed: 2, numberOfBlocks:26, blockLength: 80, crossings: 24-8, singleDirection: false, highBlocknumberSectionIds: 409-781}, Section: { sectionId: 33, speed: 15, numberOfBlocks:11, blockLength: 53, crossings: 1-2, singleDirection: true, highBlocknumberSectionIds: null}, Section: { sectionId: 10, speed: 25, numberOfBlocks:11, blockLength: 67, crossings: null, singleDirection: false, highBlocknumberSectionIds: 213-659}, Section: { sectionId: 241, speed: 25, numberOfBlocks:5, blockLength: 127, crossings: 2-4, singleDirection: true, highBlocknumberSectionIds: null}, Section: { sectionId: 443, speed: 49, numberOfBlocks:40, blockLength: 109, crossings: 21-6-39, singleDirection: false, highBlocknumberSectionIds: 144-814}, Section: { sectionId: 392, speed: 4, numberOfBlocks:29, blockLength: 61, crossings: 25-28-4-27, singleDirection: false, highBlocknumberSectionIds: 384-573}, Section: { sectionId: 258, speed: 8, numberOfBlocks:25, blockLength: 73, crossings: null, singleDirection: false, highBlocknumberSectionIds: 401-739}, Section: { sectionId: 323, speed: 13, numberOfBlocks:21, blockLength: 181, crossings: 13-11-15, singleDirection: false, highBlocknumberSectionIds: 429-571}, Section: { sectionId: 391, speed: 15, numberOfBlocks:6, blockLength: 84, crossings: 4-4-5, singleDirection: true, highBlocknumberSectionIds: null}, Section: { sectionId: 122, speed: 15, numberOfBlocks:33, blockLength: 104, crossings: 3-20, singleDirection: true, highBlocknumberSectionIds: null}, Section: { sectionId: 350, speed: 16, numberOfBlocks:29, blockLength: 198, crossings: 22-1-7, singleDirection: true, highBlocknumberSectionIds: null}, Section: { sectionId: 264, speed: 35, numberOfBlocks:8, blockLength: 168, crossings: null, singleDirection: true, highBlocknumberSectionIds: null}, Section: { sectionId: 109, speed: 17, numberOfBlocks:47, blockLength: 109, crossings: 35, singleDirection: true, highBlocknumberSectionIds: null}, Section: { sectionId: 443, speed: 23, numberOfBlocks:39, blockLength: 183, crossings: 25-13-33, singleDirection: false, highBlocknumberSectionIds: 359-893}, Section: { sectionId: 244, speed: 36, numberOfBlocks:46, blockLength: 158, crossings: 10, singleDirection: true, highBlocknumberSectionIds: null}, Section: { sectionId: 262, speed: 31, numberOfBlocks:24, blockLength: 186, crossings: 1-17, singleDirection: true, highBlocknumberSectionIds: null}, Section: { sectionId: 459, speed: 4, numberOfBlocks:35, blockLength: 151, crossings: 14-35, singleDirection: false, highBlocknumberSectionIds: 448-616}, Section: { sectionId: 12, speed: 37, numberOfBlocks:27, blockLength: 142, crossings: 3-12-24-26, singleDirection: true, highBlocknumberSectionIds: null}, Section: { sectionId: 391, speed: 23, numberOfBlocks:27, blockLength: 101, crossings: 27-24, singleDirection: true, highBlocknumberSectionIds: null}]}
3374 [main] INFO  be.kdg.Simulator.ServiceCallers.RideRouter  - loadSection with info: Section: { sectionId: 177, speed: 32, numberOfBlocks:34, blockLength: 67, crossings: 27-23-23, singleDirection: false, highBlocknumberSectionIds: 482-627}
3478 [main] INFO  be.kdg.Simulator.ServiceCallers.RideRouter  - loadSection with info: Section: { sectionId: 263, speed: 14, numberOfBlocks:23, blockLength: 136, crossings: 16-11-12-7, singleDirection: true, highBlocknumberSectionIds: null}
3578 [main] INFO  be.kdg.Simulator.ServiceCallers.RideRouter  - loadSection with info: Section: { sectionId: 300, speed: 34, numberOfBlocks:43, blockLength: 76, crossings: null, singleDirection: false, highBlocknumberSectionIds: 165-538}
3578 [main] INFO  be.kdg.Simulator.RideSimulator  - Ride after getRoute: Ride: { rideId: 42, Delay: 10000, rideSections: [Section: { sectionId: 177, speed: 32, numberOfBlocks:34, blockLength: 67, crossings: 27-23-23, singleDirection: false, highBlocknumberSectionIds: 482-627}, Section: { sectionId: 263, speed: 14, numberOfBlocks:23, blockLength: 136, crossings: 16-11-12-7, singleDirection: true, highBlocknumberSectionIds: null}, Section: { sectionId: 300, speed: 34, numberOfBlocks:43, blockLength: 76, crossings: null, singleDirection: false, highBlocknumberSectionIds: 165-538}]}
3890 [main] INFO  be.kdg.Simulator.ServiceCallers.RideRouter  - loadSection with info: Section: { sectionId: 193, speed: 39, numberOfBlocks:22, blockLength: 91, crossings: 11-20-16, singleDirection: false, highBlocknumberSectionIds: 336-752}
3990 [main] INFO  be.kdg.Simulator.ServiceCallers.RideRouter  - loadSection with info: Section: { sectionId: 438, speed: 44, numberOfBlocks:44, blockLength: 157, crossings: 3-19, singleDirection: true, highBlocknumberSectionIds: null}
4090 [main] INFO  be.kdg.Simulator.ServiceCallers.RideRouter  - loadSection with info: Section: { sectionId: 401, speed: 34, numberOfBlocks:20, blockLength: 155, crossings: null, singleDirection: false, highBlocknumberSectionIds: 32-884}
4190 [main] INFO  be.kdg.Simulator.ServiceCallers.RideRouter  - loadSection with info: Section: { sectionId: 74, speed: 6, numberOfBlocks:32, blockLength: 126, crossings: null, singleDirection: true, highBlocknumberSectionIds: null}
4294 [main] INFO  be.kdg.Simulator.ServiceCallers.RideRouter  - loadSection with info: Section: { sectionId: 281, speed: 49, numberOfBlocks:39, blockLength: 140, crossings: 11, singleDirection: true, highBlocknumberSectionIds: null}
4394 [main] INFO  be.kdg.Simulator.ServiceCallers.RideRouter  - loadSection with info: Section: { sectionId: 176, speed: 16, numberOfBlocks:19, blockLength: 169, crossings: 7-2-17-8, singleDirection: false, highBlocknumberSectionIds: 386-519}
4494 [main] INFO  be.kdg.Simulator.ServiceCallers.RideRouter  - loadSection with info: Section: { sectionId: 10, speed: 45, numberOfBlocks:38, blockLength: 94, crossings: null, singleDirection: true, highBlocknumberSectionIds: null}
4594 [main] INFO  be.kdg.Simulator.ServiceCallers.RideRouter  - loadSection with info: Section: { sectionId: 329, speed: 37, numberOfBlocks:34, blockLength: 96, crossings: 33, singleDirection: true, highBlocknumberSectionIds: null}
4698 [main] INFO  be.kdg.Simulator.ServiceCallers.RideRouter  - loadSection with info: Section: { sectionId: 482, speed: 38, numberOfBlocks:44, blockLength: 65, crossings: 35-29-39, singleDirection: true, highBlocknumberSectionIds: null}
4798 [main] INFO  be.kdg.Simulator.ServiceCallers.RideRouter  - loadSection with info: Section: { sectionId: 230, speed: 44, numberOfBlocks:13, blockLength: 166, crossings: null, singleDirection: false, highBlocknumberSectionIds: 94-786}
4898 [main] INFO  be.kdg.Simulator.ServiceCallers.RideRouter  - loadSection with info: Section: { sectionId: 478, speed: 39, numberOfBlocks:18, blockLength: 103, crossings: null, singleDirection: true, highBlocknumberSectionIds: null}
4998 [main] INFO  be.kdg.Simulator.ServiceCallers.RideRouter  - loadSection with info: Section: { sectionId: 56, speed: 49, numberOfBlocks:49, blockLength: 135, crossings: 10-35-28-29, singleDirection: true, highBlocknumberSectionIds: null}
4998 [main] INFO  be.kdg.Simulator.RideSimulator  - Ride after getRoute: Ride: { rideId: 31, Delay: 5000, rideSections: [Section: { sectionId: 193, speed: 39, numberOfBlocks:22, blockLength: 91, crossings: 11-20-16, singleDirection: false, highBlocknumberSectionIds: 336-752}, Section: { sectionId: 438, speed: 44, numberOfBlocks:44, blockLength: 157, crossings: 3-19, singleDirection: true, highBlocknumberSectionIds: null}, Section: { sectionId: 401, speed: 34, numberOfBlocks:20, blockLength: 155, crossings: null, singleDirection: false, highBlocknumberSectionIds: 32-884}, Section: { sectionId: 74, speed: 6, numberOfBlocks:32, blockLength: 126, crossings: null, singleDirection: true, highBlocknumberSectionIds: null}, Section: { sectionId: 281, speed: 49, numberOfBlocks:39, blockLength: 140, crossings: 11, singleDirection: true, highBlocknumberSectionIds: null}, Section: { sectionId: 176, speed: 16, numberOfBlocks:19, blockLength: 169, crossings: 7-2-17-8, singleDirection: false, highBlocknumberSectionIds: 386-519}, Section: { sectionId: 10, speed: 45, numberOfBlocks:38, blockLength: 94, crossings: null, singleDirection: true, highBlocknumberSectionIds: null}, Section: { sectionId: 329, speed: 37, numberOfBlocks:34, blockLength: 96, crossings: 33, singleDirection: true, highBlocknumberSectionIds: null}, Section: { sectionId: 482, speed: 38, numberOfBlocks:44, blockLength: 65, crossings: 35-29-39, singleDirection: true, highBlocknumberSectionIds: null}, Section: { sectionId: 230, speed: 44, numberOfBlocks:13, blockLength: 166, crossings: null, singleDirection: false, highBlocknumberSectionIds: 94-786}, Section: { sectionId: 478, speed: 39, numberOfBlocks:18, blockLength: 103, crossings: null, singleDirection: true, highBlocknumberSectionIds: null}, Section: { sectionId: 56, speed: 49, numberOfBlocks:49, blockLength: 135, crossings: 10-35-28-29, singleDirection: true, highBlocknumberSectionIds: null}]}
